Aggregating stats across up to 200 events...
[1/200] Scraping brazilstage124stats...
[2/200] Scraping nalstage124stats...
[3/200] Scraping eulstage124stats...
[4/200] Scraping eulstage224stats...
[5/200] Scraping nalstage224stats...
[6/200] Scraping brazilstage224stats...
[7/200] Scraping brazilstage223stats...
[8/200] Scraping nalstage223stats...
[9/200] Scraping eulstage223stats...
[10/200] Scraping ewcstats...
[11/200] Scraping manchesterstats...
[12/200] Scraping si24stats...
[13/200] Scraping atlantastats...
[14/200] Scraping copenhagenstats...
[15/200] Scraping si23stats...
[16/200] Scraping e3...
[17/200] Scraping nalstage123stats...
[18/200] Scraping eulstage123stats...
[19/200] Scraping montrealstats...
[20/200] Scraping brazilstage123stats...
[21/200] Scraping jonkopingstats...
[22/200] Scraping berlinstats...
[23/200] Scraping charlottestats...
[24/200] Scraping si22stats...
[25/200] Scraping si21stats...
[26/200] Scraping si20stats...
[27/200] Scraping naaugustmajor2020stats...
[28/200] Scraping brazilaugustmajor2020stats...
[29/200] Scraping euaugustmajor2020stats...
[30/200] Scraping nalstage220stats...
[31/200] Scraping eulstage220stats...
[32/200] Scraping brazilregseason20stats...
[33/200] Scraping nalmontreallcq...
[34/200] Scraping brazilmontreallcq...
[35/200] Scraping eulmontreallcq...
[36/200] Scraping nalstage120stats...
[37/200] Scraping si23nalcq...
[38/200] Scraping si23eulcq...
[39/200] Scraping eulstage120stats...
[40/200] Scraping eunovembermajor2020stats...
[41/200] Scraping si25nalcq...
[42/200] Scraping si25eulcq...
[43/200] Scraping si25salcq...
[44/200] Scraping brazilnovembermajor2020stats...
[45/200] Scraping nalstage122stats...
[46/200] Scraping si25stats...
[47/200] Scraping nanovembermajor2020stats...
[48/200] Scraping nalstage222stats...
[49/200] Scraping brazilstage322stats...
[50/200] Scraping si19stats...
[51/200] Scraping nalstage322stats...
[52/200] Scraping brazilstage122stats...
[53/200] Scraping brazilstage222stats...
[54/200] Scraping cesstage122stats...
[55/200] Scraping element4stats...
[56/200] Scraping nacl25stats...
[57/200] Scraping eulstage122stats...
[58/200] Scraping reload25stats...
[59/200] Scraping eulstage222stats...
[60/200] Scraping nalstage221stats...
[61/200] Scraping si18stats...
[62/200] Scraping si17stats...
[63/200] Scraping sweden21stats...
[64/200] Scraping mexico21stats...
[65/200] Scraping raleigh19stats...
[66/200] Scraping cesstage222stats...
[67/200] Scraping si23latamlcq...
[68/200] Scraping paris18stats...
[69/200] Scraping eulstage322stats...
[70/200] Scraping nalstage125stats...
[71/200] Scraping usn19stats...
[72/200] Scraping plseason8finals...
[73/200] Scraping ogapit19stats...
[74/200] Scraping plseason8eu...
[75/200] Scraping plseason8latam...
[76/200] Scraping nalstage121stats...
[77/200] Scraping salstage125stats...
[78/200] Scraping emlstage125stats...
[79/200] Scraping gamers822stats...
[80/200] Scraping gamers823stats...
[81/200] Scraping nalstage321stats...
[82/200] Scraping eulstage321stats...
[83/200] Scraping plseason10finals...
[84/200] Scraping plseason10na...
[85/200] Scraping plseason10eu...
[86/200] Scraping plseason10latam...
[87/200] Scraping dhmontreal19stats...
[88/200] Scraping plseason7na...
[89/200] Scraping plseason7eu...
[90/200] Scraping plseason7latam...
[91/200] Scraping plseason9eu...
[92/200] Scraping plseason9na...
[93/200] Scraping plseason9latam...
[94/200] Scraping aplstage125stats...
[95/200] Scraping eulstage221stats...
[96/200] Scraping usn18stats...
[97/200] Scraping plseason11na...
[98/200] Scraping plseason11eu...
[99/200] Scraping plseason8na...
[100/200] Scraping plseason11latam...
[101/200] Scraping raleighnalcq...
[102/200] Scraping raleigheulcq...
[103/200] Scraping raleighlatamlcq...
[104/200] Scraping eulstage121stats...
[105/200] Scraping brazilstage121stats...
[106/200] Scraping brazilstage221stats...
[107/200] Scraping brazilstage321stats...
[108/200] Scraping plseason9finals...
[109/200] Scraping plseason7finals...
[110/200] Scraping nalfinals20stats...
[111/200] Scraping brazilfinals20stats...
[112/200] Scraping eulfinals20stats...
[113/200] Scraping nalfinals21stats...
[114/200] Scraping eulfinals21stats...
[115/200] Scraping brazilfinals21stats...
[116/200] Scraping plseason6finals...
[117/200] Scraping plseason6latam...
[118/200] Scraping plseason6na...
[119/200] Scraping plseason6eu...
[120/200] Scraping cesstage121stats...
[121/200] Scraping cesstage221stats...
[122/200] Scraping cesstage321stats...
[123/200] Scraping plseason5finals...
[124/200] Scraping aplnorthstage125stats...
[125/200] Scraping plseason5na...
[126/200] Scraping plseason5eu...
[127/200] Scraping plseason5latam...
[128/200] Scraping ewc25stats...
[129/200] Scraping plseason4finals...
[130/200] Scraping plseason4eu...
[131/200] Scraping si22nalcq...
[132/200] Scraping plseason4na...
[133/200] Scraping plseason4latam...
[134/200] Scraping plseason3finals...
[135/200] Scraping plseason3eu...
[136/200] Scraping plseason3na...
[137/200] Scraping plseason2finals...
[138/200] Scraping plseason2eu...
[139/200] Scraping plseason2na...
[140/200] Scraping plseason1finals...
[141/200] Scraping aplstage225stats...
[142/200] Scraping nalstage225stats...
[143/200] Scraping plseason1eu...
[144/200] Scraping salstage225stats...
[145/200] Scraping plseason1na...
[146/200] Scraping emlstage225stats...
[147/200] Scraping vegasminor19stats...
[148/200] Scraping dhwinter18stats...
[149/200] Scraping dhaustin18stats...
[150/200] Scraping dhvalencia18stats...
[151/200] Scraping dhvalencia19stats...
[152/200] Scraping si22eulcq...
[153/200] Scraping si22latamlcq...
[154/200] Scraping si20eulcq...
[155/200] Scraping si20nalcq...
[156/200] Scraping si21eulcq...
[157/200] Scraping si21nalcq...
[158/200] Scraping si21latamlcq...
[159/200] Scraping cesstage322stats...
[160/200] Scraping si20latamlcq...
[161/200] Scraping munich25stats...
[162/200] Scraping munich25apl...
[163/200] Scraping aplnorthstage225stats...
[164/200] Scraping sklstage124stats...
[165/200] Scraping sklstage224stats...
[166/200] Scraping aplstage124stats...
[167/200] Scraping aplstage224stats...
[168/200] Scraping sklstage123stats...
[169/200] Scraping sklstage223stats...
[170/200] Scraping aplstage123stats...
[171/200] Scraping aplstage123lcq...
[172/200] Scraping aplstage223stats...
[173/200] Scraping aplstage223lcq...
[174/200] Scraping emlfinals25stats...
[175/200] Scraping nalfinals25stats...
[176/200] Scraping aplocestage225stats...
[177/200] Scraping aplocestage125stats...
[178/200] Scraping salfinals25stats...
[179/200] Scraping aplfinals25stats...
[180/200] Scraping aplnorthstage321stats...
[181/200] Scraping plseason9jp...
[182/200] Scraping plseason10jp...
[183/200] Scraping plseason9anz...
[184/200] Scraping plseason10anz...
[185/200] Scraping plseason11kr...
[186/200] Scraping plseason11anz...
[187/200] Scraping aplnorthstage121stats...
[188/200] Scraping aplnorthstage221stats...
[189/200] Scraping aplnorthstage122stats...
[190/200] Scraping si26eulcq...
[191/200] Scraping si26nalcq...
[192/200] Scraping si26apaclcq...
[193/200] Scraping si26latamlcq...
[194/200] Scraping si26stats...
[195/200] Scraping aplnorthkickoff26stats...
[196/200] Scraping aplasiakickoff26stats...
[197/200] Scraping aplocekickoff26stats...
[198/200] Scraping emlkickoff26stats...
[199/200] Scraping salkickoff26stats...
[200/200] Scraping nalkickoff26stats...

Players with 2+ events: 942
  Updated Peres (Roamer) — 12 events, rating=1.01, kd=1.13
  Updated Astro (Hard Breach) — 46 events, rating=1.04, kd=1.10
  Updated Paluh (Entry Fragger) — 52 events, rating=1.21, kd=1.38
  Updated Lagonis (Hard Breach) — 31 events, rating=0.91, kd=0.78
  Updated R4re (Roamer) — 29 events, rating=0.96, kd=0.95
  Updated Bullet1 (Hard Breach) — 45 events, rating=1.05, kd=1.12
  Updated Muzi (IGL) — 38 events, rating=1.11, kd=1.22
  Updated pino (Anchor) — 46 events, rating=1.06, kd=1.13
  Updated Hotancold (IGL) — 55 events, rating=1.00, kd=0.99
  Updated Beaulo (Entry Fragger) — 34 events, rating=1.05, kd=1.12
  Updated njr (Entry Fragger) — 34 events, rating=1.08, kd=1.17
  Updated Canadian (Entry Fragger) — 62 events, rating=0.97, kd=0.95
  Updated Merc (Anchor) — 32 events, rating=1.02, kd=1.07
  Updated Fultz (Roamer) — 49 events, rating=1.02, kd=1.05
  Updated Bosco (Roamer) — 47 events, rating=1.03, kd=1.06
  Updated Rampy (Anchor) — 42 events, rating=1.07, kd=1.14
  Updated BriD (Entry Fragger) — 50 events, rating=1.05, kd=1.03
  Updated Alem4o (IGL) — 42 events, rating=1.08, kd=1.16
  Updated Virtue (Anchor) — 41 events, rating=1.03, kd=1.09
  Updated Doki (Entry Fragger) — 42 events, rating=1.05, kd=1.14
  Updated Kendrew (Anchor) — 28 events, rating=0.92, kd=0.88
  Updated JoyStiCK (IGL) — 35 events, rating=0.97, kd=1.01
  Updated Mowwwgli (IGL) — 24 events, rating=1.00, kd=1.03
  Updated Kantoraketti (Entry Fragger) — 39 events, rating=1.07, kd=1.14
  Updated Elemzje (IGL) — 43 events, rating=1.01, kd=1.04
  Updated BlaZ (Roamer) — 21 events, rating=1.00, kd=1.06
  Updated FoxA (Anchor) — 38 events, rating=1.01, kd=1.06
  Updated Renshiro (Roamer) — 42 events, rating=1.04, kd=1.10
  Updated Jonka (Hard Breach) — 7 events, rating=0.88, kd=0.84
  Updated Achieved (Support) — 30 events, rating=1.04, kd=1.10
  Updated Skys (IGL) — 36 events, rating=1.06, kd=1.11
  Updated Yeti (Anchor) — 25 events, rating=0.96, kd=0.99
  Updated risze (Entry Fragger) — 35 events, rating=0.98, kd=0.97
  Updated supr (Anchor) — 26 events, rating=0.81, kd=0.69
  Updated Ecl9pse (Hard Breach) — 43 events, rating=1.05, kd=1.11
  Updated mav (Entry Fragger) — 23 events, rating=1.06, kd=1.09
  Updated Pengu (IGL) — 31 events, rating=1.19, kd=1.39
  Updated Fabian (IGL) — 27 events, rating=1.05, kd=1.13
  Updated Retro (Roamer) — 22 events, rating=0.89, kd=0.81
  Updated korey (IGL) — 20 events, rating=1.00, kd=1.03
  Updated Goga (Hard Breach) — 26 events, rating=1.00, kd=0.97
  Updated peres (Roamer) — 11 events, rating=1.03, kd=1.11
  Updated Necrox (Anchor) — 25 events, rating=0.99, kd=1.02
  Updated Yung (Hard Breach) — 29 events, rating=1.05, kd=1.05
  Updated Stompn (Flex) — 8 events, rating=1.19, kd=1.34
  Updated Keenan (Hard Breach) — 5 events, rating=1.02, kd=1.02
  Updated BC (Hard Breach) — 21 events, rating=1.03, kd=1.01
  Updated Hyena (Entry Fragger) — 8 events, rating=0.93, kd=0.86
  Updated Lycan (Roamer) — 3 events, rating=0.76, kd=0.66

Updated 49 pro archetypes with real stats.
